<?xml version="1.0" encoding="UTF-8"?>
<testng-results skipped="0" failed="1" ignored="0" total="3" passed="2">
  <reporter-output>
    <line>
      <![CDATA[Click to see Screenshot]]>
    </line>
    <line>
      <![CDATA[<a target="_blank" href=Wed_Sep_02_17_58_56_IST_2020.jpg>Screenshot</a>]]>
    </line>
    <line>
      <![CDATA[<br>]]>
    </line>
    <line>
      <![CDATA[<br>]]>
    </line>
    <line>
      <![CDATA[<a target="_blank" href=Wed_Sep_02_17_58_56_IST_2020.jpg><img src=Wed_Sep_02_17_58_56_IST_2020.jpg height=200 width=200></img></a>]]>
    </line>
  </reporter-output>
  <suite name="Test Sample" duration-ms="44611" started-at="2020-09-02T12:28:12Z" finished-at="2020-09-02T12:28:57Z">
    <groups>
    </groups>
    <test name="Weather Test" duration-ms="44611" started-at="2020-09-02T12:28:12Z" finished-at="2020-09-02T12:28:57Z">
      <class name="com.test.testcases.WeatherRangeTest">
        <test-method status="PASS" signature="setUp()[pri:0, instance:com.test.testcases.WeatherRangeTest@4206a205]" name="setUp" is-config="true" duration-ms="15872" started-at="2020-09-02T17:58:12Z" finished-at="2020-09-02T17:58:28Z">
          <reporter-output>
          </reporter-output>
        </test-method> <!-- setUp -->
        <test-method status="PASS" signature="openWeather()[pri:1, instance:com.test.testcases.WeatherRangeTest@4206a205]" name="openWeather" duration-ms="16697" started-at="2020-09-02T17:58:28Z" finished-at="2020-09-02T17:58:45Z">
          <reporter-output>
          </reporter-output>
        </test-method> <!-- openWeather -->
        <test-method status="PASS" signature="verifyWeatherPage()[pri:2, instance:com.test.testcases.WeatherRangeTest@4206a205]" name="verifyWeatherPage" duration-ms="127" started-at="2020-09-02T17:58:45Z" finished-at="2020-09-02T17:58:45Z">
          <reporter-output>
          </reporter-output>
        </test-method> <!-- verifyWeatherPage -->
        <test-method status="FAIL" signature="locateCity()[pri:3, instance:com.test.testcases.WeatherRangeTest@4206a205]" name="locateCity" duration-ms="8521" started-at="2020-09-02T17:58:45Z" finished-at="2020-09-02T17:58:54Z">
          <exception class="java.lang.AssertionError">
            <message>
              <![CDATA[Either Humidity or Temp OR both parameters condition is not matched to required range]]>
            </message>
            <full-stacktrace>
              <![CDATA[java.lang.AssertionError: Either Humidity or Temp OR both parameters condition is not matched to required range
	at org.junit.Assert.fail(Assert.java:88)
	at com.test.testcases.WeatherRangeTest.locateCity(WeatherRangeTest.java:133)
	at sun.reflect.NativeMethodAccessorImpl.invoke0(Native Method)
	at sun.reflect.NativeMethodAccessorImpl.invoke(Unknown Source)
	at sun.reflect.DelegatingMethodAccessorImpl.invoke(Unknown Source)
	at java.lang.reflect.Method.invoke(Unknown Source)
	at org.testng.internal.MethodInvocationHelper.invokeMethod(MethodInvocationHelper.java:108)
	at org.testng.internal.Invoker.invokeMethod(Invoker.java:661)
	at org.testng.internal.Invoker.invokeTestMethod(Invoker.java:869)
	at org.testng.internal.Invoker.invokeTestMethods(Invoker.java:1193)
	at org.testng.internal.TestMethodWorker.invokeTestMethods(TestMethodWorker.java:126)
	at org.testng.internal.TestMethodWorker.run(TestMethodWorker.java:109)
	at org.testng.TestRunner.privateRun(TestRunner.java:744)
	at org.testng.TestRunner.run(TestRunner.java:602)
	at org.testng.SuiteRunner.runTest(SuiteRunner.java:380)
	at org.testng.SuiteRunner.runSequentially(SuiteRunner.java:375)
	at org.testng.SuiteRunner.privateRun(SuiteRunner.java:340)
	at org.testng.SuiteRunner.run(SuiteRunner.java:289)
	at org.testng.SuiteRunnerWorker.runSuite(SuiteRunnerWorker.java:52)
	at org.testng.SuiteRunnerWorker.run(SuiteRunnerWorker.java:86)
	at org.testng.TestNG.runSuitesSequentially(TestNG.java:1301)
	at org.testng.TestNG.runSuitesLocally(TestNG.java:1226)
	at org.testng.TestNG.runSuites(TestNG.java:1144)
	at org.testng.TestNG.run(TestNG.java:1115)
	at org.testng.remote.AbstractRemoteTestNG.run(AbstractRemoteTestNG.java:115)
	at org.testng.remote.RemoteTestNG.initAndRun(RemoteTestNG.java:251)
	at org.testng.remote.RemoteTestNG.main(RemoteTestNG.java:77)
]]>
            </full-stacktrace>
          </exception> <!-- java.lang.AssertionError -->
          <reporter-output>
            <line>
              <![CDATA[Click to see Screenshot]]>
            </line>
            <line>
              <![CDATA[<a target="_blank" href=Wed_Sep_02_17_58_56_IST_2020.jpg>Screenshot</a>]]>
            </line>
            <line>
              <![CDATA[<br>]]>
            </line>
            <line>
              <![CDATA[<br>]]>
            </line>
            <line>
              <![CDATA[<a target="_blank" href=Wed_Sep_02_17_58_56_IST_2020.jpg><img src=Wed_Sep_02_17_58_56_IST_2020.jpg height=200 width=200></img></a>]]>
            </line>
          </reporter-output>
        </test-method> <!-- locateCity -->
        <test-method status="PASS" signature="closeUp()[pri:0, instance:com.test.testcases.WeatherRangeTest@4206a205]" name="closeUp" is-config="true" duration-ms="1261" started-at="2020-09-02T17:58:56Z" finished-at="2020-09-02T17:58:57Z">
          <reporter-output>
          </reporter-output>
        </test-method> <!-- closeUp -->
      </class> <!-- com.test.testcases.WeatherRangeTest -->
    </test> <!-- Weather Test -->
  </suite> <!-- Test Sample -->
</testng-results>
